<?xml version="1.0" encoding="UTF-8"?>
<testsuite xmlns:xsi="http://www.w3.org/2001/XMLSchema-instance" xsi:schemaLocation="https://maven.apache.org/surefire/maven-surefire-plugin/xsd/surefire-test-report.xsd" name="qa4.AppTest" time="0.059" tests="8" errors="0" skipped="0" failures="0">
  <properties>
    <property name="jansi.mode" value="force"/>
    <property name="java.runtime.name" value="OpenJDK Runtime Environment"/>
    <property name="java.vm.version" value="21.0.4+7-LTS"/>
    <property name="sun.boot.library.path" value="C:\Users\linoy\Downloads\eclipse-java-2024-09-R-win32-x86_64\eclipse\plugins\org.eclipse.justj.openjdk.hotspot.jre.full.win32.x86_64_21.0.4.v20240802-1551\jre\bin"/>
    <property name="maven.multiModuleProjectDirectory" value="C:\Users\linoy\eclipse-workspace\qa4"/>
    <property name="java.vm.vendor" value="Eclipse Adoptium"/>
    <property name="java.vendor.url" value="https://adoptium.net/"/>
    <property name="guice.disable.misplaced.annotation.check" value="true"/>
    <property name="path.separator" value=";"/>
    <property name="java.vm.name" value="OpenJDK 64-Bit Server VM"/>
    <property name="sun.os.patch.level" value=""/>
    <property name="user.script" value=""/>
    <property name="user.country" value="IL"/>
    <property name="sun.java.launcher" value="SUN_STANDARD"/>
    <property name="java.vm.specification.name" value="Java Virtual Machine Specification"/>
    <property name="user.dir" value="C:\Users\linoy\eclipse-workspace\qa4"/>
    <property name="java.vm.compressedOopsMode" value="Zero based"/>
    <property name="java.runtime.version" value="21.0.4+7-LTS"/>
    <property name="os.arch" value="amd64"/>
    <property name="java.io.tmpdir" value="C:\Users\linoy\AppData\Local\Temp\"/>
    <property name="line.separator" value="&#10;"/>
    <property name="java.vm.specification.vendor" value="Oracle Corporation"/>
    <property name="user.variant" value=""/>
    <property name="stderr.encoding" value="UTF-8"/>
    <property name="os.name" value="Windows 11"/>
    <property name="classworlds.conf" value="C:\Users\linoy\eclipse-workspace\.metadata\.plugins\org.eclipse.m2e.launching\launches\m2conf16218629051185469295.tmp"/>
    <property name="sun.jnu.encoding" value="Cp1255"/>
    <property name="stdout.encoding" value="UTF-8"/>
    <property name="java.library.path" value="C:\Users\linoy\Downloads\eclipse-java-2024-09-R-win32-x86_64\eclipse\plugins\org.eclipse.justj.openjdk.hotspot.jre.full.win32.x86_64_21.0.4.v20240802-1551\jre\bin;C:\WINDOWS\Sun\Java\bin;C:\WINDOWS\system32;C:\WINDOWS;C:\Program Files\Common Files\Oracle\Java\javapath;C:\Windows\system32;C:\Windows;C:\Windows\System32\Wbem;C:\Windows\System32\WindowsPowerShell\v1.0\;C:\Windows\System32\OpenSSH\;C:\Program Files (x86)\NVIDIA Corporation\PhysX\Common;C:\Program Files\NVIDIA Corporation\NVIDIA NvDLISR;C:\WINDOWS\system32;C:\WINDOWS;C:\WINDOWS\System32\Wbem;C:\WINDOWS\System32\WindowsPowerShell\v1.0\;C:\WINDOWS\System32\OpenSSH\;C:\Users\linoy\AppData\Local\Microsoft\WindowsApps;C:\Users\linoy\AppData\Local\GitHubDesktop\bin;."/>
    <property name="jdk.debug" value="release"/>
    <property name="java.class.version" value="65.0"/>
    <property name="java.specification.name" value="Java Platform API Specification"/>
    <property name="sun.management.compiler" value="HotSpot 64-Bit Tiered Compilers"/>
    <property name="os.version" value="10.0"/>
    <property name="user.home" value="C:\Users\linoy"/>
    <property name="user.timezone" value="Asia/Jerusalem"/>
    <property name="file.encoding" value="UTF-8"/>
    <property name="java.specification.version" value="21"/>
    <property name="user.name" value="linoy"/>
    <property name="java.class.path" value="C:\Users\linoy\.p2\pool\plugins\org.eclipse.m2e.maven.runtime_3.9.900.20240824-1409\jars\plexus-classworlds-2.8.0.jar"/>
    <property name="java.vm.specification.version" value="21"/>
    <property name="sun.arch.data.model" value="64"/>
    <property name="sun.java.command" value="org.codehaus.plexus.classworlds.launcher.Launcher -B -Dstyle.color=always test"/>
    <property name="java.home" value="C:\Users\linoy\Downloads\eclipse-java-2024-09-R-win32-x86_64\eclipse\plugins\org.eclipse.justj.openjdk.hotspot.jre.full.win32.x86_64_21.0.4.v20240802-1551\jre"/>
    <property name="user.language" value="he"/>
    <property name="java.specification.vendor" value="Oracle Corporation"/>
    <property name="java.vm.info" value="mixed mode"/>
    <property name="java.version" value="21.0.4"/>
    <property name="native.encoding" value="Cp1255"/>
    <property name="java.vendor" value="Eclipse Adoptium"/>
    <property name="maven.home" value="C:\Users\linoy\eclipse-workspace\qa4\EMBEDDED"/>
    <property name="style.color" value="always"/>
    <property name="file.separator" value="\"/>
    <property name="java.version.date" value="2024-07-16"/>
    <property name="java.vendor.url.bug" value="https://github.com/adoptium/adoptium-support/issues"/>
    <property name="sun.io.unicode.encoding" value="UnicodeLittle"/>
    <property name="sun.cpu.endian" value="little"/>
    <property name="java.vendor.version" value="Temurin-21.0.4+7"/>
    <property name="m2e.build.project.data.socket.port" value="59805"/>
    <property name="sun.cpu.isalist" value="amd64"/>
  </properties>
  <testcase name="TC1" classname="qa4.AppTest" time="0.007"/>
  <testcase name="TC2" classname="qa4.AppTest" time="0"/>
  <testcase name="TC3" classname="qa4.AppTest" time="0"/>
  <testcase name="TC4" classname="qa4.AppTest" time="0"/>
  <testcase name="TC5" classname="qa4.AppTest" time="0"/>
  <testcase name="TC6" classname="qa4.AppTest" time="0"/>
  <testcase name="TC7" classname="qa4.AppTest" time="0"/>
  <testcase name="TC8" classname="qa4.AppTest" time="0"/>
</testsuite>