<?xml version="1.0" encoding="UTF-8"?>
<testsuite xmlns:xsi="http://www.w3.org/2001/XMLSchema-instance" xsi:noNamespaceSchemaLocation="https://maven.apache.org/surefire/maven-surefire-plugin/xsd/surefire-test-report-3.0.xsd" version="3.0" name="task4triangle.task4triangle.Test_triangle" time="0.27" tests="8" errors="0" skipped="0" failures="0">
  <properties>
    <property name="java.specification.version" value="21"/>
    <property name="sun.cpu.isalist" value="amd64"/>
    <property name="sun.jnu.encoding" value="Cp1255"/>
    <property name="java.class.path" value="C:\Users\carol\eclipse-workspace\task4triangle\target\test-classes;C:\Users\carol\eclipse-workspace\task4triangle\target\classes;C:\Users\carol\.m2\repository\org\junit\jupiter\junit-jupiter\5.11.0-M1\junit-jupiter-5.11.0-M1.jar;C:\Users\carol\.m2\repository\org\junit\jupiter\junit-jupiter-api\5.11.0-M1\junit-jupiter-api-5.11.0-M1.jar;C:\Users\carol\.m2\repository\org\opentest4j\opentest4j\1.3.0\opentest4j-1.3.0.jar;C:\Users\carol\.m2\repository\org\junit\platform\junit-platform-commons\1.11.0-M1\junit-platform-commons-1.11.0-M1.jar;C:\Users\carol\.m2\repository\org\apiguardian\apiguardian-api\1.1.2\apiguardian-api-1.1.2.jar;C:\Users\carol\.m2\repository\org\junit\jupiter\junit-jupiter-params\5.11.0-M1\junit-jupiter-params-5.11.0-M1.jar;C:\Users\carol\.m2\repository\org\junit\jupiter\junit-jupiter-engine\5.11.0-M1\junit-jupiter-engine-5.11.0-M1.jar;C:\Users\carol\.m2\repository\org\junit\platform\junit-platform-engine\1.11.0-M1\junit-platform-engine-1.11.0-M1.jar;"/>
    <property name="java.vm.vendor" value="Oracle Corporation"/>
    <property name="sun.arch.data.model" value="64"/>
    <property name="user.variant" value=""/>
    <property name="java.vendor.url" value="https://java.oracle.com/"/>
    <property name="user.timezone" value="Asia/Jerusalem"/>
    <property name="os.name" value="Windows 11"/>
    <property name="java.vm.specification.version" value="21"/>
    <property name="sun.java.launcher" value="SUN_STANDARD"/>
    <property name="user.country" value="IL"/>
    <property name="sun.boot.library.path" value="C:\Program Files\Java\jdk-21\bin"/>
    <property name="sun.java.command" value="C:\Users\carol\AppData\Local\Temp\surefire18349309300235882632\surefirebooter-20250110102613485_3.jar C:\Users\carol\AppData\Local\Temp\surefire18349309300235882632 2025-01-10T10-26-13_065-jvmRun1 surefire-20250110102613485_1tmp surefire_0-20250110102613485_2tmp"/>
    <property name="jdk.debug" value="release"/>
    <property name="surefire.test.class.path" value="C:\Users\carol\eclipse-workspace\task4triangle\target\test-classes;C:\Users\carol\eclipse-workspace\task4triangle\target\classes;C:\Users\carol\.m2\repository\org\junit\jupiter\junit-jupiter\5.11.0-M1\junit-jupiter-5.11.0-M1.jar;C:\Users\carol\.m2\repository\org\junit\jupiter\junit-jupiter-api\5.11.0-M1\junit-jupiter-api-5.11.0-M1.jar;C:\Users\carol\.m2\repository\org\opentest4j\opentest4j\1.3.0\opentest4j-1.3.0.jar;C:\Users\carol\.m2\repository\org\junit\platform\junit-platform-commons\1.11.0-M1\junit-platform-commons-1.11.0-M1.jar;C:\Users\carol\.m2\repository\org\apiguardian\apiguardian-api\1.1.2\apiguardian-api-1.1.2.jar;C:\Users\carol\.m2\repository\org\junit\jupiter\junit-jupiter-params\5.11.0-M1\junit-jupiter-params-5.11.0-M1.jar;C:\Users\carol\.m2\repository\org\junit\jupiter\junit-jupiter-engine\5.11.0-M1\junit-jupiter-engine-5.11.0-M1.jar;C:\Users\carol\.m2\repository\org\junit\platform\junit-platform-engine\1.11.0-M1\junit-platform-engine-1.11.0-M1.jar;"/>
    <property name="sun.cpu.endian" value="little"/>
    <property name="user.home" value="C:\Users\carol"/>
    <property name="user.language" value="he"/>
    <property name="java.specification.vendor" value="Oracle Corporation"/>
    <property name="java.version.date" value="2023-10-17"/>
    <property name="java.home" value="C:\Program Files\Java\jdk-21"/>
    <property name="file.separator" value="\"/>
    <property name="basedir" value="C:\Users\carol\eclipse-workspace\task4triangle"/>
    <property name="style.color" value="always"/>
    <property name="java.vm.compressedOopsMode" value="32-bit"/>
    <property name="line.separator" value="&#10;"/>
    <property name="java.vm.specification.vendor" value="Oracle Corporation"/>
    <property name="java.specification.name" value="Java Platform API Specification"/>
    <property name="surefire.real.class.path" value="C:\Users\carol\AppData\Local\Temp\surefire18349309300235882632\surefirebooter-20250110102613485_3.jar"/>
    <property name="user.script" value=""/>
    <property name="sun.management.compiler" value="HotSpot 64-Bit Tiered Compilers"/>
    <property name="java.runtime.version" value="21.0.1+12-LTS-29"/>
    <property name="user.name" value="carol"/>
    <property name="stdout.encoding" value="Cp1255"/>
    <property name="path.separator" value=";"/>
    <property name="os.version" value="10.0"/>
    <property name="java.runtime.name" value="Java(TM) SE Runtime Environment"/>
    <property name="file.encoding" value="UTF-8"/>
    <property name="java.vm.name" value="Java HotSpot(TM) 64-Bit Server VM"/>
    <property name="localRepository" value="C:\Users\carol\.m2\repository"/>
    <property name="java.vendor.url.bug" value="https://bugreport.java.com/bugreport/"/>
    <property name="java.io.tmpdir" value="C:\Users\carol\AppData\Local\Temp\"/>
    <property name="java.version" value="21.0.1"/>
    <property name="user.dir" value="C:\Users\carol\eclipse-workspace\task4triangle"/>
    <property name="os.arch" value="amd64"/>
    <property name="java.vm.specification.name" value="Java Virtual Machine Specification"/>
    <property name="sun.os.patch.level" value=""/>
    <property name="native.encoding" value="Cp1255"/>
    <property name="java.library.path" value="C:\Program Files\Java\jdk-21\bin;C:\Windows\Sun\Java\bin;C:\Windows\system32;C:\Windows;C:\Program Files\Common Files\Oracle\Java\javapath;C:\Windows\system32;C:\Windows;C:\Windows\System32\Wbem;C:\Windows\System32\WindowsPowerShell\v1.0\;C:\Windows\System32\OpenSSH\;C:\Program Files (x86)\Microsoft SQL Server\160\Tools\Binn\;C:\Program Files\Microsoft SQL Server\160\Tools\Binn\;C:\Program Files\Microsoft SQL Server\Client SDK\ODBC\170\Tools\Binn\;C:\Program Files\Microsoft SQL Server\160\DTS\Binn\;C:\Program Files (x86)\Microsoft SQL Server\160\DTS\Binn\;C:\Program Files\Azure Data Studio\bin;C:\Program Files\dotnet\;C:\Program Files\MySQL\MySQL Shell 8.0\bin\;C:\Users\carol\AppData\Local\Programs\Python\Launcher\;C:\Users\carol\AppData\Local\Microsoft\WindowsApps;C:\Program Files\Azure Data Studio\bin;C:\Users\carol\AppData\Local\Programs\Microsoft VS Code\bin;C:\Users\carol\AppData\Local\GitHubDesktop\bin;."/>
    <property name="java.vm.info" value="mixed mode, sharing"/>
    <property name="stderr.encoding" value="Cp1255"/>
    <property name="java.vendor" value="Oracle Corporation"/>
    <property name="java.vm.version" value="21.0.1+12-LTS-29"/>
    <property name="sun.io.unicode.encoding" value="UnicodeLittle"/>
    <property name="java.class.version" value="65.0"/>
  </properties>
  <testcase name="Tc1" classname="task4triangle.task4triangle.Test_triangle" time="0.165"/>
  <testcase name="Tc2" classname="task4triangle.task4triangle.Test_triangle" time="0.003"/>
  <testcase name="Tc3" classname="task4triangle.task4triangle.Test_triangle" time="0.001"/>
  <testcase name="Tc4" classname="task4triangle.task4triangle.Test_triangle" time="0.001"/>
  <testcase name="Tc5" classname="task4triangle.task4triangle.Test_triangle" time="0.001"/>
  <testcase name="Tc6" classname="task4triangle.task4triangle.Test_triangle" time="0.003"/>
  <testcase name="Tc7" classname="task4triangle.task4triangle.Test_triangle" time="0.002"/>
  <testcase name="Tc8" classname="task4triangle.task4triangle.Test_triangle" time="0.001"/>
</testsuite>